<?xml version = '1.0' encoding = 'UTF-8'?>
<usages xmlns="http://xmlns.oracle.com/jdeveloper/110000//usages-tracking-data">
   <hash n="system-info">
      <value n="build-label" v="MAIN-16.84"/>
      <value n="dev-build" v="false"/>
      <value n="guid" v="01e1f0da-018a-1000-8001-c0a800f4af5d"/>
      <value n="jdk-version" v="1.7.0_55"/>
      <value n="operating-system" v="Windows 8"/>
      <value n="product-edition"/>
      <value n="product-name" v="Oracle SQL Developer"/>
      <value n="product-version" v="4.0.3.16.84"/>
      <value n="session-end-time" v="1692778199777"/>
      <value n="session-id" v="1692752992119"/>
      <value n="session-start-time" v="1692752992119"/>
      <value n="user-role"/>
   </hash>
   <hash n="usage-data">
      <list n="activities">
         <hash>
            <value n="event-id" v="ACTIVATE_EDITOR"/>
            <hash n="event-properties">
               <value n="node-class" v="oracle.jdevimpl.help.StartPageNode"/>
            </hash>
            <value n="event-source" v="oracle.jdevimpl.help.StartPageEditor"/>
            <value n="time-stamp" v="1692752993071"/>
         </hash>
         <hash>
            <value n="event-id" v="CREATE_DOCUMENT"/>
            <hash n="event-properties">
               <value n="wizard-label" v="SQL 파일"/>
            </hash>
            <value n="event-source" v="oracle.dbtools.raptor.dialogs.file.NewSqlFile"/>
            <value n="time-stamp" v="1692753001456"/>
         </hash>
         <hash>
            <value n="event-id" v="ACTIVATE_EDITOR"/>
            <hash n="event-properties">
               <value n="node-class" v="oracle.ide.db.model.SqlNode"/>
            </hash>
            <value n="event-source" v="oracle.dbtools.worksheet.editor.Worksheet"/>
            <value n="time-stamp" v="1692753047476"/>
         </hash>
         <hash>
            <value n="event-id" v="ACTIVATE_EDITOR"/>
            <hash n="event-properties">
               <value n="node-class" v="oracle.ide.db.model.SqlNode"/>
            </hash>
            <value n="event-source" v="oracle.dbtools.worksheet.editor.Worksheet"/>
            <value n="time-stamp" v="1692753477566"/>
         </hash>
         <hash>
            <value n="event-id" v="CREATE_DOCUMENT"/>
            <hash n="event-properties">
               <value n="wizard-label" v="SQL 파일"/>
            </hash>
            <value n="event-source" v="oracle.dbtools.raptor.dialogs.file.NewSqlFile"/>
            <value n="time-stamp" v="1692760212220"/>
         </hash>
         <hash>
            <value n="event-id" v="ACTIVATE_EDITOR"/>
            <hash n="event-properties">
               <value n="node-class" v="oracle.ide.db.model.SqlNode"/>
            </hash>
            <value n="event-source" v="oracle.dbtools.worksheet.editor.Worksheet"/>
            <value n="time-stamp" v="1692760230595"/>
         </hash>
         <hash>
            <value n="event-id" v="ACTIVATE_EDITOR"/>
            <hash n="event-properties">
               <value n="node-class" v="oracle.ide.db.model.SqlNode"/>
            </hash>
            <value n="event-source" v="oracle.dbtools.worksheet.editor.Worksheet"/>
            <value n="time-stamp" v="1692760232230"/>
         </hash>
         <hash>
            <value n="event-id" v="ACTIVATE_EDITOR"/>
            <hash n="event-properties">
               <value n="node-class" v="oracle.ide.db.model.SqlNode"/>
            </hash>
            <value n="event-source" v="oracle.dbtools.worksheet.editor.Worksheet"/>
            <value n="time-stamp" v="1692760248253"/>
         </hash>
         <hash>
            <value n="event-id" v="ACTIVATE_EDITOR"/>
            <hash n="event-properties">
               <value n="node-class" v="oracle.ide.db.model.SqlNode"/>
            </hash>
            <value n="event-source" v="oracle.dbtools.worksheet.editor.Worksheet"/>
            <value n="time-stamp" v="1692760253323"/>
         </hash>
         <hash>
            <value n="event-id" v="ACTIVATE_EDITOR"/>
            <hash n="event-properties">
               <value n="node-class" v="oracle.ide.db.model.SqlNode"/>
            </hash>
            <value n="event-source" v="oracle.dbtools.worksheet.editor.Worksheet"/>
            <value n="time-stamp" v="1692760261375"/>
         </hash>
         <hash>
            <value n="event-id" v="ACTIVATE_EDITOR"/>
            <hash n="event-properties">
               <value n="node-class" v="oracle.ide.db.model.SqlNode"/>
            </hash>
            <value n="event-source" v="oracle.dbtools.worksheet.editor.Worksheet"/>
            <value n="time-stamp" v="1692760289266"/>
         </hash>
         <hash>
            <value n="event-id" v="ACTIVATE_EDITOR"/>
            <hash n="event-properties">
               <value n="node-class" v="oracle.ide.db.model.SqlNode"/>
            </hash>
            <value n="event-source" v="oracle.dbtools.worksheet.editor.Worksheet"/>
            <value n="time-stamp" v="1692760302491"/>
         </hash>
         <hash>
            <value n="event-id" v="ACTIVATE_EDITOR"/>
            <hash n="event-properties">
               <value n="node-class" v="oracle.ide.db.model.SqlNode"/>
            </hash>
            <value n="event-source" v="oracle.dbtools.worksheet.editor.Worksheet"/>
            <value n="time-stamp" v="1692760306198"/>
         </hash>
         <hash>
            <value n="event-id" v="ACTIVATE_EDITOR"/>
            <hash n="event-properties">
               <value n="node-class" v="oracle.ide.db.model.SqlNode"/>
            </hash>
            <value n="event-source" v="oracle.dbtools.worksheet.editor.Worksheet"/>
            <value n="time-stamp" v="1692760315932"/>
         </hash>
         <hash>
            <value n="event-id" v="ACTIVATE_EDITOR"/>
            <hash n="event-properties">
               <value n="node-class" v="oracle.ide.db.model.SqlNode"/>
            </hash>
            <value n="event-source" v="oracle.dbtools.worksheet.editor.Worksheet"/>
            <value n="time-stamp" v="1692760319125"/>
         </hash>
         <hash>
            <value n="event-id" v="ACTIVATE_EDITOR"/>
            <hash n="event-properties">
               <value n="node-class" v="oracle.ide.db.model.SqlNode"/>
            </hash>
            <value n="event-source" v="oracle.dbtools.worksheet.editor.Worksheet"/>
            <value n="time-stamp" v="1692760322261"/>
         </hash>
         <hash>
            <value n="event-id" v="ACTIVATE_EDITOR"/>
            <hash n="event-properties">
               <value n="node-class" v="oracle.ide.db.model.SqlNode"/>
            </hash>
            <value n="event-source" v="oracle.dbtools.worksheet.editor.Worksheet"/>
            <value n="time-stamp" v="1692760326710"/>
         </hash>
         <hash>
            <value n="event-id" v="ACTIVATE_EDITOR"/>
            <hash n="event-properties">
               <value n="node-class" v="oracle.ide.db.model.SqlNode"/>
            </hash>
            <value n="event-source" v="oracle.dbtools.worksheet.editor.Worksheet"/>
            <value n="time-stamp" v="1692760335439"/>
         </hash>
         <hash>
            <value n="event-id" v="ACTIVATE_EDITOR"/>
            <hash n="event-properties">
               <value n="node-class" v="oracle.ide.db.model.SqlNode"/>
            </hash>
            <value n="event-source" v="oracle.dbtools.worksheet.editor.Worksheet"/>
            <value n="time-stamp" v="1692761860893"/>
         </hash>
         <hash>
            <value n="event-id" v="ACTIVATE_EDITOR"/>
            <hash n="event-properties">
               <value n="node-class" v="oracle.ide.db.model.SqlNode"/>
            </hash>
            <value n="event-source" v="oracle.dbtools.worksheet.editor.Worksheet"/>
            <value n="time-stamp" v="1692761867648"/>
         </hash>
         <hash>
            <value n="event-id" v="CREATE_DOCUMENT"/>
            <hash n="event-properties">
               <value n="wizard-label" v="SQL 파일"/>
            </hash>
            <value n="event-source" v="oracle.dbtools.raptor.dialogs.file.NewSqlFile"/>
            <value n="time-stamp" v="1692765111100"/>
         </hash>
         <hash>
            <value n="event-id" v="ACTIVATE_EDITOR"/>
            <hash n="event-properties">
               <value n="node-class" v="oracle.ide.db.model.SqlNode"/>
            </hash>
            <value n="event-source" v="oracle.dbtools.worksheet.editor.Worksheet"/>
            <value n="time-stamp" v="1692765119034"/>
         </hash>
         <hash>
            <value n="event-id" v="ACTIVATE_EDITOR"/>
            <hash n="event-properties">
               <value n="node-class" v="oracle.ide.db.model.SqlNode"/>
            </hash>
            <value n="event-source" v="oracle.dbtools.worksheet.editor.Worksheet"/>
            <value n="time-stamp" v="1692765120945"/>
         </hash>
         <hash>
            <value n="event-id" v="ACTIVATE_EDITOR"/>
            <hash n="event-properties">
               <value n="node-class" v="oracle.ide.db.model.SqlNode"/>
            </hash>
            <value n="event-source" v="oracle.dbtools.worksheet.editor.Worksheet"/>
            <value n="time-stamp" v="1692765121894"/>
         </hash>
         <hash>
            <value n="event-id" v="ACTIVATE_EDITOR"/>
            <hash n="event-properties">
               <value n="node-class" v="oracle.ide.db.model.SqlNode"/>
            </hash>
            <value n="event-source" v="oracle.dbtools.worksheet.editor.Worksheet"/>
            <value n="time-stamp" v="1692765123454"/>
         </hash>
         <hash>
            <value n="event-id" v="ACTIVATE_EDITOR"/>
            <hash n="event-properties">
               <value n="node-class" v="oracle.ide.db.model.SqlNode"/>
            </hash>
            <value n="event-source" v="oracle.dbtools.worksheet.editor.Worksheet"/>
            <value n="time-stamp" v="1692765130577"/>
         </hash>
         <hash>
            <value n="event-id" v="ACTIVATE_EDITOR"/>
            <hash n="event-properties">
               <value n="node-class" v="oracle.ide.db.model.SqlNode"/>
            </hash>
            <value n="event-source" v="oracle.dbtools.worksheet.editor.Worksheet"/>
            <value n="time-stamp" v="1692765140450"/>
         </hash>
         <hash>
            <value n="event-id" v="ACTIVATE_EDITOR"/>
            <hash n="event-properties">
               <value n="node-class" v="oracle.ide.db.model.SqlNode"/>
            </hash>
            <value n="event-source" v="oracle.dbtools.worksheet.editor.Worksheet"/>
            <value n="time-stamp" v="1692765143997"/>
         </hash>
         <hash>
            <value n="event-id" v="ACTIVATE_EDITOR"/>
            <hash n="event-properties">
               <value n="node-class" v="oracle.ide.db.model.SqlNode"/>
            </hash>
            <value n="event-source" v="oracle.dbtools.worksheet.editor.Worksheet"/>
            <value n="time-stamp" v="1692765178487"/>
         </hash>
         <hash>
            <value n="event-id" v="ACTIVATE_EDITOR"/>
            <hash n="event-properties">
               <value n="node-class" v="oracle.ide.db.model.SqlNode"/>
            </hash>
            <value n="event-source" v="oracle.dbtools.worksheet.editor.Worksheet"/>
            <value n="time-stamp" v="1692765235694"/>
         </hash>
         <hash>
            <value n="event-id" v="ACTIVATE_EDITOR"/>
            <hash n="event-properties">
               <value n="node-class" v="oracle.ide.db.model.SqlNode"/>
            </hash>
            <value n="event-source" v="oracle.dbtools.worksheet.editor.Worksheet"/>
            <value n="time-stamp" v="1692765243394"/>
         </hash>
         <hash>
            <value n="event-id" v="ACTIVATE_EDITOR"/>
            <hash n="event-properties">
               <value n="node-class" v="oracle.ide.db.model.SqlNode"/>
            </hash>
            <value n="event-source" v="oracle.dbtools.worksheet.editor.Worksheet"/>
            <value n="time-stamp" v="1692765248020"/>
         </hash>
         <hash>
            <value n="event-id" v="ACTIVATE_EDITOR"/>
            <hash n="event-properties">
               <value n="node-class" v="oracle.ide.db.model.SqlNode"/>
            </hash>
            <value n="event-source" v="oracle.dbtools.worksheet.editor.Worksheet"/>
            <value n="time-stamp" v="1692765278617"/>
         </hash>
         <hash>
            <value n="event-id" v="ACTIVATE_EDITOR"/>
            <hash n="event-properties">
               <value n="node-class" v="oracle.ide.db.model.SqlNode"/>
            </hash>
            <value n="event-source" v="oracle.dbtools.worksheet.editor.Worksheet"/>
            <value n="time-stamp" v="1692765289939"/>
         </hash>
         <hash>
            <value n="event-id" v="ACTIVATE_EDITOR"/>
            <hash n="event-properties">
               <value n="node-class" v="oracle.ide.db.model.SqlNode"/>
            </hash>
            <value n="event-source" v="oracle.dbtools.worksheet.editor.Worksheet"/>
            <value n="time-stamp" v="1692765298850"/>
         </hash>
         <hash>
            <value n="event-id" v="ACTIVATE_EDITOR"/>
            <hash n="event-properties">
               <value n="node-class" v="oracle.ide.db.model.SqlNode"/>
            </hash>
            <value n="event-source" v="oracle.dbtools.worksheet.editor.Worksheet"/>
            <value n="time-stamp" v="1692765300317"/>
         </hash>
         <hash>
            <value n="event-id" v="ACTIVATE_EDITOR"/>
            <hash n="event-properties">
               <value n="node-class" v="oracle.ide.db.model.SqlNode"/>
            </hash>
            <value n="event-source" v="oracle.dbtools.worksheet.editor.Worksheet"/>
            <value n="time-stamp" v="1692765309450"/>
         </hash>
         <hash>
            <value n="event-id" v="ACTIVATE_EDITOR"/>
            <hash n="event-properties">
               <value n="node-class" v="oracle.ide.db.model.SqlNode"/>
            </hash>
            <value n="event-source" v="oracle.dbtools.worksheet.editor.Worksheet"/>
            <value n="time-stamp" v="1692765312283"/>
         </hash>
         <hash>
            <value n="event-id" v="ACTIVATE_EDITOR"/>
            <hash n="event-properties">
               <value n="node-class" v="oracle.ide.db.model.SqlNode"/>
            </hash>
            <value n="event-source" v="oracle.dbtools.worksheet.editor.Worksheet"/>
            <value n="time-stamp" v="1692765730915"/>
         </hash>
         <hash>
            <value n="event-id" v="ACTIVATE_EDITOR"/>
            <hash n="event-properties">
               <value n="node-class" v="oracle.ide.db.model.SqlNode"/>
            </hash>
            <value n="event-source" v="oracle.dbtools.worksheet.editor.Worksheet"/>
            <value n="time-stamp" v="1692765732875"/>
         </hash>
         <hash>
            <value n="event-id" v="ACTIVATE_EDITOR"/>
            <hash n="event-properties">
               <value n="node-class" v="oracle.ide.db.model.SqlNode"/>
            </hash>
            <value n="event-source" v="oracle.dbtools.worksheet.editor.Worksheet"/>
            <value n="time-stamp" v="1692767447741"/>
         </hash>
         <hash>
            <value n="event-id" v="ACTIVATE_EDITOR"/>
            <hash n="event-properties">
               <value n="node-class" v="oracle.ide.db.model.SqlNode"/>
            </hash>
            <value n="event-source" v="oracle.dbtools.worksheet.editor.Worksheet"/>
            <value n="time-stamp" v="1692767449012"/>
         </hash>
         <hash>
            <value n="event-id" v="ACTIVATE_EDITOR"/>
            <hash n="event-properties">
               <value n="node-class" v="oracle.ide.db.model.SqlNode"/>
            </hash>
            <value n="event-source" v="oracle.dbtools.worksheet.editor.Worksheet"/>
            <value n="time-stamp" v="1692767451679"/>
         </hash>
         <hash>
            <value n="event-id" v="ACTIVATE_EDITOR"/>
            <hash n="event-properties">
               <value n="node-class" v="oracle.ide.db.model.SqlNode"/>
            </hash>
            <value n="event-source" v="oracle.dbtools.worksheet.editor.Worksheet"/>
            <value n="time-stamp" v="1692767453579"/>
         </hash>
         <hash>
            <value n="event-id" v="ACTIVATE_EDITOR"/>
            <hash n="event-properties">
               <value n="node-class" v="oracle.ide.db.model.SqlNode"/>
            </hash>
            <value n="event-source" v="oracle.dbtools.worksheet.editor.Worksheet"/>
            <value n="time-stamp" v="1692767453607"/>
         </hash>
         <hash>
            <value n="event-id" v="ACTIVATE_EDITOR"/>
            <hash n="event-properties">
               <value n="node-class" v="oracle.ide.db.model.SqlNode"/>
            </hash>
            <value n="event-source" v="oracle.dbtools.worksheet.editor.Worksheet"/>
            <value n="time-stamp" v="1692767461069"/>
         </hash>
         <hash>
            <value n="event-id" v="ACTIVATE_EDITOR"/>
            <hash n="event-properties">
               <value n="node-class" v="oracle.jdevimpl.help.StartPageNode"/>
            </hash>
            <value n="event-source" v="oracle.jdevimpl.help.StartPageEditor"/>
            <value n="time-stamp" v="1692767471577"/>
         </hash>
         <hash>
            <value n="event-id" v="ACTIVATE_EDITOR"/>
            <hash n="event-properties">
               <value n="node-class" v="oracle.ide.db.model.SqlNode"/>
            </hash>
            <value n="event-source" v="oracle.dbtools.worksheet.editor.Worksheet"/>
            <value n="time-stamp" v="1692767471606"/>
         </hash>
      </list>
   </hash>
</usages>
