!SESSION 2023-09-11 11:05:47.953 -----------------------------------------------
eclipse.buildId=unknown
java.version=1.7.0_55
java.vendor=Oracle Corporation
BootLoader constants: OS=win32, ARCH=x86_64, WS=win32, NL=ko_KR

!ENTRY org.eclipse.osgi 2 0 2023-09-11 11:05:47.954
!MESSAGE While loading class "org.eclipse.core.runtime.IAdapterManager", thread "Thread[AWT-EventQueue-0,6,main]" timed out waiting (5011ms) for thread "Thread[main,5,IDE Main]" to finish starting bundle "org.eclipse.equinox.common_3.6.0.v20100503 [123]". To avoid deadlock, thread "Thread[AWT-EventQueue-0,6,main]" is proceeding but "org.eclipse.core.runtime.IAdapterManager" may not be fully initialized.
!STACK 0
org.osgi.framework.BundleException: State change in progress for bundle "reference:file:equinox/org.eclipse.equinox.common_3.6.0.v20100503.jar" by thread "main".
	at org.eclipse.osgi.framework.internal.core.AbstractBundle.beginStateChange(AbstractBundle.java:1088)
	at org.eclipse.osgi.framework.internal.core.AbstractBundle.start(AbstractBundle.java:298)
	at org.eclipse.osgi.framework.util.SecureAction.start(SecureAction.java:440)
	at org.eclipse.osgi.internal.loader.BundleLoader.setLazyTrigger(BundleLoader.java:263)
	at org.eclipse.core.runtime.internal.adaptor.EclipseLazyStarter.postFindLocalClass(EclipseLazyStarter.java:107)
	at org.eclipse.osgi.baseadaptor.loader.ClasspathManager.findLocalClass(ClasspathManager.java:469)
	at org.eclipse.osgi.internal.baseadaptor.DefaultClassLoader.findLocalClass(DefaultClassLoader.java:216)
	at org.eclipse.osgi.internal.loader.BundleLoader.findLocalClass(BundleLoader.java:395)
	at org.eclipse.osgi.internal.loader.BundleLoader.findClassInternal(BundleLoader.java:464)
	at org.eclipse.osgi.internal.loader.BundleLoader.findClass(BundleLoader.java:421)
	at org.eclipse.osgi.internal.loader.BundleLoader.findClass(BundleLoader.java:412)
	at org.eclipse.osgi.internal.baseadaptor.DefaultClassLoader.loadClass(DefaultClassLoader.java:107)
	at org.netbeans.modules.netbinox.NetbinoxLoader.loadClass(NetbinoxLoader.java:97)
	at java.lang.ClassLoader.loadClass(ClassLoader.java:358)
	at org.eclipse.osgi.internal.loader.BundleLoader.loadClass(BundleLoader.java:340)
	at org.eclipse.osgi.framework.internal.core.BundleHost.loadClass(BundleHost.java:229)
	at org.eclipse.osgi.framework.internal.core.AbstractBundle.loadClass(AbstractBundle.java:1212)
	at org.netbeans.core.netigso.NetigsoServices.type(NetigsoServices.java:101)
	at org.netbeans.core.netigso.NetigsoServices.type(NetigsoServices.java:61)
	at org.openide.util.lookup.InstanceContent$ConvertingItem.getType(InstanceContent.java:374)
	at org.openide.util.lookup.InstanceContent$ConvertingItem.instanceOf(InstanceContent.java:293)
	at org.openide.util.lookup.InheritanceTree$1TwoJobs.before(InheritanceTree.java:496)
	at org.openide.util.lookup.InheritanceTree.classToNode(InheritanceTree.java:576)
	at org.openide.util.lookup.InheritanceTree.searchClass(InheritanceTree.java:596)
	at org.openide.util.lookup.InheritanceTree.lookup(InheritanceTree.java:242)
	at org.openide.util.lookup.InheritanceTree.registerReferenceToResult(InheritanceTree.java:993)
	at org.openide.util.lookup.DelegatingStorage.registerReferenceToResult(DelegatingStorage.java:181)
	at org.openide.util.lookup.AbstractLookup.lookup(AbstractLookup.java:492)
	at org.openide.util.lookup.ProxyLookup$R.initResults(ProxyLookup.java:391)
	at org.openide.util.lookup.ProxyLookup$R.addLookupListener(ProxyLookup.java:490)
	at org.openide.util.ImageUtilities.getLoader(ImageUtilities.java:329)
	at org.openide.util.ImageUtilities.getIcon(ImageUtilities.java:420)
	at org.openide.util.ImageUtilities.loadImage(ImageUtilities.java:132)
	at sun.reflect.NativeMethodAccessorImpl.invoke0(Native Method)
	at sun.reflect.NativeMethodAccessorImpl.invoke(NativeMethodAccessorImpl.java:57)
	at sun.reflect.DelegatingMethodAccessorImpl.invoke(DelegatingMethodAccessorImpl.java:43)
	at java.lang.reflect.Method.invoke(Method.java:606)
	at org.netbeans.swing.plaf.util.UIUtils.loadWithUtilities(UIUtils.java:153)
	at org.netbeans.swing.plaf.util.UIUtils.loadImage(UIUtils.java:125)
	at com.oracle.jdeveloper.nbwindowsystem.plaf.OracleLFCustoms.createApplicationSpecificKeysAndValues(OracleLFCustoms.java:97)
	at org.netbeans.swing.plaf.LFCustoms.getApplicationSpecificKeysAndValues(LFCustoms.java:201)
	at org.netbeans.swing.plaf.Startup.installLFCustoms(Startup.java:326)
	at org.netbeans.swing.plaf.Startup.installPerLFDefaults(Startup.java:256)
	at org.netbeans.swing.plaf.Startup.install(Startup.java:237)
	at org.netbeans.swing.plaf.Startup.run(Startup.java:516)
	at org.netbeans.core.CoreBridgeImpl$1.run(CoreBridgeImpl.java:127)
	at java.awt.event.InvocationEvent.dispatch(InvocationEvent.java:312)
	at java.awt.EventQueue.dispatchEventImpl(EventQueue.java:733)
	at java.awt.EventQueue.access$200(EventQueue.java:103)
	at java.awt.EventQueue$3.run(EventQueue.java:694)
	at java.awt.EventQueue$3.run(EventQueue.java:692)
	at java.security.AccessController.doPrivileged(Native Method)
	at java.security.ProtectionDomain$1.doIntersectionPrivilege(ProtectionDomain.java:76)
	at java.awt.EventQueue.dispatchEvent(EventQueue.java:703)
	at java.awt.EventDispatchThread.pumpOneEventForFilters(EventDispatchThread.java:242)
	at java.awt.EventDispatchThread.pumpEventsForFilter(EventDispatchThread.java:161)
	at java.awt.EventDispatchThread.pumpEventsForHierarchy(EventDispatchThread.java:150)
	at java.awt.EventDispatchThread.pumpEvents(EventDispatchThread.java:146)
	at java.awt.EventDispatchThread.pumpEvents(EventDispatchThread.java:138)
	at java.awt.EventDispatchThread.run(EventDispatchThread.java:91)
Caused by: org.eclipse.osgi.framework.internal.core.AbstractBundle$BundleStatusException
	... 60 more
Root exception:
org.eclipse.osgi.framework.internal.core.AbstractBundle$BundleStatusException
	at org.eclipse.osgi.framework.internal.core.AbstractBundle.beginStateChange(AbstractBundle.java:1088)
	at org.eclipse.osgi.framework.internal.core.AbstractBundle.start(AbstractBundle.java:298)
	at org.eclipse.osgi.framework.util.SecureAction.start(SecureAction.java:440)
	at org.eclipse.osgi.internal.loader.BundleLoader.setLazyTrigger(BundleLoader.java:263)
	at org.eclipse.core.runtime.internal.adaptor.EclipseLazyStarter.postFindLocalClass(EclipseLazyStarter.java:107)
	at org.eclipse.osgi.baseadaptor.loader.ClasspathManager.findLocalClass(ClasspathManager.java:469)
	at org.eclipse.osgi.internal.baseadaptor.DefaultClassLoader.findLocalClass(DefaultClassLoader.java:216)
	at org.eclipse.osgi.internal.loader.BundleLoader.findLocalClass(BundleLoader.java:395)
	at org.eclipse.osgi.internal.loader.BundleLoader.findClassInternal(BundleLoader.java:464)
	at org.eclipse.osgi.internal.loader.BundleLoader.findClass(BundleLoader.java:421)
	at org.eclipse.osgi.internal.loader.BundleLoader.findClass(BundleLoader.java:412)
	at org.eclipse.osgi.internal.baseadaptor.DefaultClassLoader.loadClass(DefaultClassLoader.java:107)
	at org.netbeans.modules.netbinox.NetbinoxLoader.loadClass(NetbinoxLoader.java:97)
	at java.lang.ClassLoader.loadClass(ClassLoader.java:358)
	at org.eclipse.osgi.internal.loader.BundleLoader.loadClass(BundleLoader.java:340)
	at org.eclipse.osgi.framework.internal.core.BundleHost.loadClass(BundleHost.java:229)
	at org.eclipse.osgi.framework.internal.core.AbstractBundle.loadClass(AbstractBundle.java:1212)
	at org.netbeans.core.netigso.NetigsoServices.type(NetigsoServices.java:101)
	at org.netbeans.core.netigso.NetigsoServices.type(NetigsoServices.java:61)
	at org.openide.util.lookup.InstanceContent$ConvertingItem.getType(InstanceContent.java:374)
	at org.openide.util.lookup.InstanceContent$ConvertingItem.instanceOf(InstanceContent.java:293)
	at org.openide.util.lookup.InheritanceTree$1TwoJobs.before(InheritanceTree.java:496)
	at org.openide.util.lookup.InheritanceTree.classToNode(InheritanceTree.java:576)
	at org.openide.util.lookup.InheritanceTree.searchClass(InheritanceTree.java:596)
	at org.openide.util.lookup.InheritanceTree.lookup(InheritanceTree.java:242)
	at org.openide.util.lookup.InheritanceTree.registerReferenceToResult(InheritanceTree.java:993)
	at org.openide.util.lookup.DelegatingStorage.registerReferenceToResult(DelegatingStorage.java:181)
	at org.openide.util.lookup.AbstractLookup.lookup(AbstractLookup.java:492)
	at org.openide.util.lookup.ProxyLookup$R.initResults(ProxyLookup.java:391)
	at org.openide.util.lookup.ProxyLookup$R.addLookupListener(ProxyLookup.java:490)
	at org.openide.util.ImageUtilities.getLoader(ImageUtilities.java:329)
	at org.openide.util.ImageUtilities.getIcon(ImageUtilities.java:420)
	at org.openide.util.ImageUtilities.loadImage(ImageUtilities.java:132)
	at sun.reflect.NativeMethodAccessorImpl.invoke0(Native Method)
	at sun.reflect.NativeMethodAccessorImpl.invoke(NativeMethodAccessorImpl.java:57)
	at sun.reflect.DelegatingMethodAccessorImpl.invoke(DelegatingMethodAccessorImpl.java:43)
	at java.lang.reflect.Method.invoke(Method.java:606)
	at org.netbeans.swing.plaf.util.UIUtils.loadWithUtilities(UIUtils.java:153)
	at org.netbeans.swing.plaf.util.UIUtils.loadImage(UIUtils.java:125)
	at com.oracle.jdeveloper.nbwindowsystem.plaf.OracleLFCustoms.createApplicationSpecificKeysAndValues(OracleLFCustoms.java:97)
	at org.netbeans.swing.plaf.LFCustoms.getApplicationSpecificKeysAndValues(LFCustoms.java:201)
	at org.netbeans.swing.plaf.Startup.installLFCustoms(Startup.java:326)
	at org.netbeans.swing.plaf.Startup.installPerLFDefaults(Startup.java:256)
	at org.netbeans.swing.plaf.Startup.install(Startup.java:237)
	at org.netbeans.swing.plaf.Startup.run(Startup.java:516)
	at org.netbeans.core.CoreBridgeImpl$1.run(CoreBridgeImpl.java:127)
	at java.awt.event.InvocationEvent.dispatch(InvocationEvent.java:312)
	at java.awt.EventQueue.dispatchEventImpl(EventQueue.java:733)
	at java.awt.EventQueue.access$200(EventQueue.java:103)
	at java.awt.EventQueue$3.run(EventQueue.java:694)
	at java.awt.EventQueue$3.run(EventQueue.java:692)
	at java.security.AccessController.doPrivileged(Native Method)
	at java.security.ProtectionDomain$1.doIntersectionPrivilege(ProtectionDomain.java:76)
	at java.awt.EventQueue.dispatchEvent(EventQueue.java:703)
	at java.awt.EventDispatchThread.pumpOneEventForFilters(EventDispatchThread.java:242)
	at java.awt.EventDispatchThread.pumpEventsForFilter(EventDispatchThread.java:161)
	at java.awt.EventDispatchThread.pumpEventsForHierarchy(EventDispatchThread.java:150)
	at java.awt.EventDispatchThread.pumpEvents(EventDispatchThread.java:146)
	at java.awt.EventDispatchThread.pumpEvents(EventDispatchThread.java:138)
	at java.awt.EventDispatchThread.run(EventDispatchThread.java:91)
